<?xml version="1.0" encoding="UTF-8"?>
<!-- Generated by org.testng.reporters.JUnitXMLReporter -->
<testsuite ignored="1" hostname="DESKTOP-AU847K4" failures="0" tests="4" name="AutomationTest" time="33.781" errors="0" timestamp="2025-02-15T17:57:03 IST">
  <testcase classname="testNGpack.TestNG_002" name="amazon" time="23.347"/>
  <testcase classname="testNGpack.TestNG_001" name="f" time="0.007"/>
  <testcase classname="testNGpack.TestNG_001" name="a" time="0.008"/>
  <testcase classname="testNGpack.NewTest" name="f" time="0.005"/>
  <testcase classname="testNGpack.TestNG_001" name="z" time="0.0">
    <ignored/>
  </testcase> <!-- z -->
</testsuite> <!-- AutomationTest -->
