<?xml version="1.0" encoding="UTF-8"?>
<!-- Generated by org.testng.reporters.JUnitXMLReporter -->
<testsuite ignored="0" hostname="DESKTOP-AU847K4" failures="0" tests="4" name="FirefoxTest" time="81.617" errors="0" timestamp="2025-02-15T18:27:02 IST">
  <testcase classname="testNGpack.LinksTesting1" name="linktesting1" time="1.599"/>
  <testcase classname="testNGpack.RadioButton1" name="radioButtonTest" time="0.413"/>
  <testcase classname="testNGpack.TestNG_002" name="amazon" time="13.467"/>
  <testcase classname="testNGpack.CheckBox1" name="checkboxTest" time="0.157"/>
</testsuite> <!-- FirefoxTest -->
