<?xml version="1.0" encoding="UTF-8"?>
<!-- Generated by org.testng.reporters.JUnitXMLReporter -->
<testsuite ignored="0" hostname="DESKTOP-AU847K4" failures="0" tests="3" name="Default test" time="0.126" errors="0" timestamp="2025-02-25T18:23:40 IST">
  <testcase classname="dataproviderpack.UserTest" name="f" time="0.013"/>
  <testcase classname="dataproviderpack.UserTest" name="f" time="0.004"/>
  <testcase classname="dataproviderpack.UserTest" name="f" time="0.003"/>
</testsuite> <!-- Default test -->
