<?xml version="1.0" encoding="UTF-8"?>
<!-- Generated by org.testng.reporters.JUnitXMLReporter -->
<testsuite ignored="1" hostname="DESKTOP-AU847K4" failures="0" tests="2" name="Default test" time="0.149" errors="0" timestamp="2025-02-15T17:40:42 IST">
  <testcase classname="testNGpack.TestNG_001" name="f" time="0.026"/>
  <testcase classname="testNGpack.TestNG_001" name="a" time="0.01"/>
  <testcase classname="testNGpack.TestNG_001" name="z" time="0.0">
    <ignored/>
  </testcase> <!-- z -->
</testsuite> <!-- Default test -->
