<?xml version="1.0" encoding="UTF-8"?>
<!-- Generated by org.testng.reporters.JUnitXMLReporter -->
<testsuite ignored="4" hostname="DESKTOP-AU847K4" failures="0" tests="1" name="LoginTest" time="0.187" errors="0" timestamp="2025-02-18T18:13:48 IST">
  <testcase classname="tests.LoginTest" name="loginwithValidCredientials" time="0.04"/>
  <testcase classname="tests.LoginTest" name="loginwithInvalidpassword" time="0.0">
    <ignored/>
  </testcase> <!-- loginwithInvalidpassword -->
  <testcase classname="tests.LoginTest" name="loginwithEmptyFields" time="0.0">
    <ignored/>
  </testcase> <!-- loginwithEmptyFields -->
  <testcase classname="tests.LoginTest" name="loginwithInValidCredientials" time="0.0">
    <ignored/>
  </testcase> <!-- loginwithInValidCredientials -->
  <testcase classname="tests.LoginTest" name="loginwithInvalidUser" time="0.0">
    <ignored/>
  </testcase> <!-- loginwithInvalidUser -->
</testsuite> <!-- LoginTest -->
