<?xml version="1.0" encoding="UTF-8"?>
<!-- Generated by org.testng.reporters.JUnitXMLReporter -->
<testsuite ignored="0" hostname="DESKTOP-AU847K4" failures="0" tests="5" name="Login" time="0.08" errors="0" timestamp="2025-02-17T17:55:30 IST">
  <testcase classname="tests.LoginTest" name="loginwithValidCredientials" time="0.003"/>
  <testcase classname="tests.LoginTest" name="loginwithInvalidUser" time="0.006"/>
  <testcase classname="tests.LoginTest" name="loginwithInvalidpassword" time="0.007"/>
  <testcase classname="tests.LoginTest" name="loginwithInValidCredientials" time="0.012"/>
  <testcase classname="tests.LoginTest" name="loginwithEmptyFields" time="0.004"/>
</testsuite> <!-- Login -->
