<?xml version="1.0" encoding="UTF-8"?>
<!-- Generated by org.testng.reporters.JUnitXMLReporter -->
<testsuite ignored="0" hostname="DESKTOP-AU847K4" failures="0" tests="12" name="Register" time="0.473" errors="0" timestamp="2025-02-17T17:55:55 IST">
  <testcase classname="tests.SearchTest" name="searchWithValidProduct" time="0.063"/>
  <testcase classname="tests.LoginTest" name="loginwithValidCredientials" time="0.072"/>
  <testcase classname="tests.SearchTest" name="searchWithInValidProduct" time="0.031"/>
  <testcase classname="tests.SearchTest" name="searchWithEmptyProduct" time="0.013"/>
  <testcase classname="tests.LoginTest" name="loginwithInvalidUser" time="0.064"/>
  <testcase classname="tests.LoginTest" name="loginwithInvalidpassword" time="0.009"/>
  <testcase classname="tests.LoginTest" name="loginwithInValidCredientials" time="0.02"/>
  <testcase classname="tests.LoginTest" name="loginwithEmptyFields" time="0.011"/>
  <testcase classname="tests.RegisterTest" name="registerWithMandatoryFileds" time="0.072"/>
  <testcase classname="tests.RegisterTest" name="registerWithAllFileds" time="0.02"/>
  <testcase classname="tests.RegisterTest" name="registerWithDuplicateFileds" time="0.005"/>
  <testcase classname="tests.RegisterTest" name="registerWithEmptyFileds" time="0.007"/>
</testsuite> <!-- Register -->
