<?xml version="1.0" encoding="UTF-8"?>
<!-- Generated by org.testng.reporters.JUnitXMLReporter -->
<testsuite ignored="2" hostname="DESKTOP-AU847K4" failures="0" tests="2" name="RegisterTest" time="0.034" errors="0" timestamp="2025-02-18T18:13:48 IST">
  <testcase classname="tests.RegisterTest" name="registerWithMandatoryFileds" time="0.005"/>
  <testcase classname="tests.RegisterTest" name="registerWithAllFileds" time="0.01"/>
  <testcase classname="tests.RegisterTest" name="registerWithEmptyFileds" time="0.0">
    <ignored/>
  </testcase> <!-- registerWithEmptyFileds -->
  <testcase classname="tests.RegisterTest" name="registerWithDuplicateFileds" time="0.0">
    <ignored/>
  </testcase> <!-- registerWithDuplicateFileds -->
</testsuite> <!-- RegisterTest -->
