<?xml version="1.0" encoding="UTF-8"?>
<!-- Generated by org.testng.reporters.JUnitXMLReporter -->
<testsuite ignored="2" hostname="DESKTOP-AU847K4" failures="0" tests="1" name="SearchTest" time="0.017" errors="0" timestamp="2025-02-18T18:13:48 IST">
  <testcase classname="tests.SearchTest" name="searchWithValidProduct" time="0.002"/>
  <testcase classname="tests.SearchTest" name="searchWithInValidProduct" time="0.0">
    <ignored/>
  </testcase> <!-- searchWithInValidProduct -->
  <testcase classname="tests.SearchTest" name="searchWithEmptyProduct" time="0.0">
    <ignored/>
  </testcase> <!-- searchWithEmptyProduct -->
</testsuite> <!-- SearchTest -->
