<?xml version="1.0" encoding="UTF-8"?>
<!-- Generated by org.testng.reporters.JUnitXMLReporter -->
<testsuite ignored="0" hostname="DESKTOP-AU847K4" failures="0" tests="3" name="Search" time="0.051" errors="0" timestamp="2025-02-17T17:55:30 IST">
  <testcase classname="tests.SearchTest" name="searchWithValidProduct" time="0.011"/>
  <testcase classname="tests.SearchTest" name="searchWithInValidProduct" time="0.005"/>
  <testcase classname="tests.SearchTest" name="searchWithEmptyProduct" time="0.003"/>
</testsuite> <!-- Search -->
