<?xml version="1.0" encoding="UTF-8"?>
<!-- Generated by org.testng.reporters.JUnitXMLReporter -->
<testsuite ignored="0" hostname="DESKTOP-AU847K4" failures="0" tests="9" name="TestOne" time="0.383" errors="0" timestamp="2025-02-17T18:05:41 IST">
  <testcase classname="tests.RegisterTest" name="registerWithMandatoryFileds" time="0.069"/>
  <testcase classname="tests.LoginTest" name="loginwithValidCredientials" time="0.066"/>
  <testcase classname="tests.LoginTest" name="loginwithInvalidUser" time="0.022"/>
  <testcase classname="tests.LoginTest" name="loginwithInvalidpassword" time="0.013"/>
  <testcase classname="tests.RegisterTest" name="registerWithAllFileds" time="0.047"/>
  <testcase classname="tests.LoginTest" name="loginwithInValidCredientials" time="0.007"/>
  <testcase classname="tests.LoginTest" name="loginwithEmptyFields" time="0.012"/>
  <testcase classname="tests.RegisterTest" name="registerWithDuplicateFileds" time="0.012"/>
  <testcase classname="tests.RegisterTest" name="registerWithEmptyFileds" time="0.012"/>
</testsuite> <!-- TestOne -->
