<?xml version="1.0" encoding="UTF-8"?>
<!-- Generated by org.testng.reporters.JUnitXMLReporter -->
<testsuite ignored="0" hostname="DESKTOP-AU847K4" failures="0" tests="6" name="TestTwo" time="0.098" errors="0" timestamp="2025-02-17T18:05:42 IST">
  <testcase classname="tests.SearchTest" name="searchWithValidProduct" time="0.003"/>
  <testcase classname="tests.SearchTest1" name="searchWithValidProduct" time="0.003"/>
  <testcase classname="tests.SearchTest1" name="searchWithInValidProduct" time="0.02"/>
  <testcase classname="tests.SearchTest" name="searchWithInValidProduct" time="0.032"/>
  <testcase classname="tests.SearchTest1" name="searchWithEmptyProduct" time="0.013"/>
  <testcase classname="tests.SearchTest" name="searchWithEmptyProduct" time="0.008"/>
</testsuite> <!-- TestTwo -->
