<?xml version="1.0" encoding="UTF-8"?>
<!-- Generated by org.testng.reporters.JUnitXMLReporter -->
<testsuite ignored="0" hostname="DESKTOP-AU847K4" failures="0" tests="12" name="Test" time="0.304" errors="0" timestamp="2025-02-18T18:09:25 IST">
  <testcase classname="tests.RegisterTest" name="registerWithMandatoryFileds" time="0.042"/>
  <testcase classname="tests.RegisterTest" name="registerWithAllFileds" time="0.003"/>
  <testcase classname="tests.RegisterTest" name="registerWithDuplicateFileds" time="0.004"/>
  <testcase classname="tests.RegisterTest" name="registerWithEmptyFileds" time="0.006"/>
  <testcase classname="tests.LoginTest" name="loginwithValidCredientials" time="0.009"/>
  <testcase classname="tests.LoginTest" name="loginwithInvalidUser" time="0.003"/>
  <testcase classname="tests.LoginTest" name="loginwithInvalidpassword" time="0.004"/>
  <testcase classname="tests.LoginTest" name="loginwithInValidCredientials" time="0.006"/>
  <testcase classname="tests.LoginTest" name="loginwithEmptyFields" time="0.007"/>
  <testcase classname="tests.SearchTest" name="searchWithValidProduct" time="0.003"/>
  <testcase classname="tests.SearchTest" name="searchWithInValidProduct" time="0.004"/>
  <testcase classname="tests.SearchTest" name="searchWithEmptyProduct" time="0.006"/>
</testsuite> <!-- Test -->
