<?xml version="1.0" encoding="UTF-8"?>
<testng-results ignored="0" total="2" passed="2" failed="0" skipped="0">
  <reporter-output>
  </reporter-output>
  <suite started-at="2025-02-19T18:27:18 IST" name="Default suite" finished-at="2025-02-19T18:27:18 IST" duration-ms="262">
    <groups>
    </groups>
    <test started-at="2025-02-19T18:27:18 IST" name="Default test" finished-at="2025-02-19T18:27:18 IST" duration-ms="262">
      <class name="testNGpack.TestNGDataDependencyBetweenTests">
        <test-method signature="test1(java.lang.reflect.Method, org.testng.ITestContext)[pri:0, instance:testNGpack.TestNGDataDependencyBetweenTests@48974e45]" started-at="2025-02-19T18:27:18 IST" name="test1" finished-at="2025-02-19T18:27:18 IST" duration-ms="69" status="PASS">
          <params>
            <param index="0">
              <value>
                <![CDATA[public void testNGpack.TestNGDataDependencyBetweenTests.test1(java.lang.reflect.Method,org.testng.ITestContext)]]>
              </value>
            </param>
            <param index="1">
              <value>
                <![CDATA[org.testng.TestRunner@1ffaf86]]>
              </value>
            </param>
          </params>
          <reporter-output>
          </reporter-output>
        </test-method> <!-- test1 -->
        <test-method signature="test2(java.lang.reflect.Method, org.testng.ITestContext)[pri:0, instance:testNGpack.TestNGDataDependencyBetweenTests@48974e45]" started-at="2025-02-19T18:27:18 IST" name="test2" finished-at="2025-02-19T18:27:18 IST" duration-ms="11" status="PASS">
          <params>
            <param index="0">
              <value>
                <![CDATA[public void testNGpack.TestNGDataDependencyBetweenTests.test2(java.lang.reflect.Method,org.testng.ITestContext)]]>
              </value>
            </param>
            <param index="1">
              <value>
                <![CDATA[org.testng.TestRunner@1ffaf86]]>
              </value>
            </param>
          </params>
          <reporter-output>
          </reporter-output>
        </test-method> <!-- test2 -->
      </class> <!-- testNGpack.TestNGDataDependencyBetweenTests -->
    </test> <!-- Default test -->
  </suite> <!-- Default suite -->
</testng-results>
