<?xml version="1.0" encoding="UTF-8"?>
<testng-results ignored="0" total="8" passed="8" failed="0" skipped="0">
  <reporter-output>
    <line>
      <![CDATA[Clicked on Image Link]]>
    </line>
    <line>
      <![CDATA[Clicked on Image Link]]>
    </line>
  </reporter-output>
  <suite started-at="2025-02-15T18:25:40 IST" name="ChromeSuite" finished-at="2025-02-15T18:27:58 IST" duration-ms="137689">
    <groups>
    </groups>
    <test started-at="2025-02-15T18:25:40 IST" name="FirefoxTest" finished-at="2025-02-15T18:27:02 IST" duration-ms="81617">
      <class name="testNGpack.LinksTesting1">
        <test-method is-config="true" signature="setup(java.lang.String)[pri:0, instance:testNGpack.LinksTesting1@fa49800]" started-at="2025-02-15T18:25:40 IST" name="setup" finished-at="2025-02-15T18:25:54 IST" duration-ms="13646" status="PASS">
          <params>
            <param index="0">
              <value>
                <![CDATA[firefox]]>
              </value>
            </param>
          </params>
          <reporter-output>
          </reporter-output>
        </test-method> <!-- setup -->
        <test-method signature="linktesting1()[pri:0, instance:testNGpack.LinksTesting1@fa49800]" started-at="2025-02-15T18:25:54 IST" name="linktesting1" finished-at="2025-02-15T18:25:56 IST" duration-ms="1599" status="PASS">
          <reporter-output>
            <line>
              <![CDATA[Clicked on Image Link]]>
            </line>
          </reporter-output>
        </test-method> <!-- linktesting1 -->
        <test-method is-config="true" signature="tearDown()[pri:0, instance:testNGpack.LinksTesting1@fa49800]" started-at="2025-02-15T18:25:56 IST" name="tearDown" finished-at="2025-02-15T18:25:59 IST" duration-ms="3080" status="PASS">
          <reporter-output>
          </reporter-output>
        </test-method> <!-- tearDown -->
      </class> <!-- testNGpack.LinksTesting1 -->
      <class name="testNGpack.CheckBox1">
        <test-method is-config="true" signature="beforeMethod(java.lang.String)[pri:0, instance:testNGpack.CheckBox1@16a0ee18]" started-at="2025-02-15T18:26:45 IST" name="beforeMethod" finished-at="2025-02-15T18:26:59 IST" duration-ms="13164" status="PASS">
          <params>
            <param index="0">
              <value>
                <![CDATA[firefox]]>
              </value>
            </param>
          </params>
          <reporter-output>
          </reporter-output>
        </test-method> <!-- beforeMethod -->
        <test-method signature="checkboxTest()[pri:0, instance:testNGpack.CheckBox1@16a0ee18]" started-at="2025-02-15T18:26:59 IST" name="checkboxTest" finished-at="2025-02-15T18:26:59 IST" duration-ms="157" status="PASS">
          <reporter-output>
          </reporter-output>
        </test-method> <!-- checkboxTest -->
        <test-method is-config="true" signature="afterMethod()[pri:0, instance:testNGpack.CheckBox1@16a0ee18]" started-at="2025-02-15T18:26:59 IST" name="afterMethod" finished-at="2025-02-15T18:27:02 IST" duration-ms="3060" status="PASS">
          <reporter-output>
          </reporter-output>
        </test-method> <!-- afterMethod -->
      </class> <!-- testNGpack.CheckBox1 -->
      <class name="testNGpack.TestNG_002">
        <test-method is-config="true" signature="startup(java.lang.String)[pri:0, instance:testNGpack.TestNG_002@2a54a73f]" started-at="2025-02-15T18:26:16 IST" name="startup" finished-at="2025-02-15T18:26:28 IST" duration-ms="12015" status="PASS">
          <params>
            <param index="0">
              <value>
                <![CDATA[firefox]]>
              </value>
            </param>
          </params>
          <reporter-output>
          </reporter-output>
        </test-method> <!-- startup -->
        <test-method signature="amazon()[pri:0, instance:testNGpack.TestNG_002@2a54a73f]" started-at="2025-02-15T18:26:28 IST" name="amazon" finished-at="2025-02-15T18:26:42 IST" duration-ms="13467" status="PASS">
          <reporter-output>
          </reporter-output>
        </test-method> <!-- amazon -->
        <test-method is-config="true" signature="windup()[pri:0, instance:testNGpack.TestNG_002@2a54a73f]" started-at="2025-02-15T18:26:42 IST" name="windup" finished-at="2025-02-15T18:26:45 IST" duration-ms="3943" status="PASS">
          <reporter-output>
          </reporter-output>
        </test-method> <!-- windup -->
      </class> <!-- testNGpack.TestNG_002 -->
      <class name="testNGpack.RadioButton1">
        <test-method is-config="true" signature="beforeMethod(java.lang.String)[pri:0, instance:testNGpack.RadioButton1@71238fc2]" started-at="2025-02-15T18:25:59 IST" name="beforeMethod" finished-at="2025-02-15T18:26:13 IST" duration-ms="14274" status="PASS">
          <params>
            <param index="0">
              <value>
                <![CDATA[firefox]]>
              </value>
            </param>
          </params>
          <reporter-output>
          </reporter-output>
        </test-method> <!-- beforeMethod -->
        <test-method signature="radioButtonTest()[pri:0, instance:testNGpack.RadioButton1@71238fc2]" started-at="2025-02-15T18:26:13 IST" name="radioButtonTest" finished-at="2025-02-15T18:26:13 IST" duration-ms="413" status="PASS">
          <reporter-output>
          </reporter-output>
        </test-method> <!-- radioButtonTest -->
        <test-method is-config="true" signature="afterMethod()[pri:0, instance:testNGpack.RadioButton1@71238fc2]" started-at="2025-02-15T18:26:13 IST" name="afterMethod" finished-at="2025-02-15T18:26:16 IST" duration-ms="2649" status="PASS">
          <reporter-output>
          </reporter-output>
        </test-method> <!-- afterMethod -->
      </class> <!-- testNGpack.RadioButton1 -->
    </test> <!-- FirefoxTest -->
    <test started-at="2025-02-15T18:27:02 IST" name="ChromeTest" finished-at="2025-02-15T18:27:58 IST" duration-ms="56009">
      <class name="testNGpack.LinksTesting1">
        <test-method is-config="true" signature="setup(java.lang.String)[pri:0, instance:testNGpack.LinksTesting1@18d87d80]" started-at="2025-02-15T18:27:02 IST" name="setup" finished-at="2025-02-15T18:27:09 IST" duration-ms="7120" status="PASS">
          <params>
            <param index="0">
              <value>
                <![CDATA[chrome]]>
              </value>
            </param>
          </params>
          <reporter-output>
          </reporter-output>
        </test-method> <!-- setup -->
        <test-method signature="linktesting1()[pri:0, instance:testNGpack.LinksTesting1@18d87d80]" started-at="2025-02-15T18:27:09 IST" name="linktesting1" finished-at="2025-02-15T18:27:11 IST" duration-ms="1784" status="PASS">
          <reporter-output>
            <line>
              <![CDATA[Clicked on Image Link]]>
            </line>
          </reporter-output>
        </test-method> <!-- linktesting1 -->
        <test-method is-config="true" signature="tearDown()[pri:0, instance:testNGpack.LinksTesting1@18d87d80]" started-at="2025-02-15T18:27:11 IST" name="tearDown" finished-at="2025-02-15T18:27:12 IST" duration-ms="758" status="PASS">
          <reporter-output>
          </reporter-output>
        </test-method> <!-- tearDown -->
      </class> <!-- testNGpack.LinksTesting1 -->
      <class name="testNGpack.CheckBox1">
        <test-method is-config="true" signature="beforeMethod(java.lang.String)[pri:0, instance:testNGpack.CheckBox1@543588e6]" started-at="2025-02-15T18:27:49 IST" name="beforeMethod" finished-at="2025-02-15T18:27:57 IST" duration-ms="7959" status="PASS">
          <params>
            <param index="0">
              <value>
                <![CDATA[chrome]]>
              </value>
            </param>
          </params>
          <reporter-output>
          </reporter-output>
        </test-method> <!-- beforeMethod -->
        <test-method signature="checkboxTest()[pri:0, instance:testNGpack.CheckBox1@543588e6]" started-at="2025-02-15T18:27:57 IST" name="checkboxTest" finished-at="2025-02-15T18:27:57 IST" duration-ms="323" status="PASS">
          <reporter-output>
          </reporter-output>
        </test-method> <!-- checkboxTest -->
        <test-method is-config="true" signature="afterMethod()[pri:0, instance:testNGpack.CheckBox1@543588e6]" started-at="2025-02-15T18:27:57 IST" name="afterMethod" finished-at="2025-02-15T18:27:58 IST" duration-ms="739" status="PASS">
          <reporter-output>
          </reporter-output>
        </test-method> <!-- afterMethod -->
      </class> <!-- testNGpack.CheckBox1 -->
      <class name="testNGpack.TestNG_002">
        <test-method is-config="true" signature="startup(java.lang.String)[pri:0, instance:testNGpack.TestNG_002@58695725]" started-at="2025-02-15T18:27:20 IST" name="startup" finished-at="2025-02-15T18:27:25 IST" duration-ms="4382" status="PASS">
          <params>
            <param index="0">
              <value>
                <![CDATA[chrome]]>
              </value>
            </param>
          </params>
          <reporter-output>
          </reporter-output>
        </test-method> <!-- startup -->
        <test-method signature="amazon()[pri:0, instance:testNGpack.TestNG_002@58695725]" started-at="2025-02-15T18:27:25 IST" name="amazon" finished-at="2025-02-15T18:27:48 IST" duration-ms="23523" status="PASS">
          <reporter-output>
          </reporter-output>
        </test-method> <!-- amazon -->
        <test-method is-config="true" signature="windup()[pri:0, instance:testNGpack.TestNG_002@58695725]" started-at="2025-02-15T18:27:48 IST" name="windup" finished-at="2025-02-15T18:27:49 IST" duration-ms="824" status="PASS">
          <reporter-output>
          </reporter-output>
        </test-method> <!-- windup -->
      </class> <!-- testNGpack.TestNG_002 -->
      <class name="testNGpack.RadioButton1">
        <test-method is-config="true" signature="beforeMethod(java.lang.String)[pri:0, instance:testNGpack.RadioButton1@618425b5]" started-at="2025-02-15T18:27:12 IST" name="beforeMethod" finished-at="2025-02-15T18:27:18 IST" duration-ms="6437" status="PASS">
          <params>
            <param index="0">
              <value>
                <![CDATA[chrome]]>
              </value>
            </param>
          </params>
          <reporter-output>
          </reporter-output>
        </test-method> <!-- beforeMethod -->
        <test-method signature="radioButtonTest()[pri:0, instance:testNGpack.RadioButton1@618425b5]" started-at="2025-02-15T18:27:18 IST" name="radioButtonTest" finished-at="2025-02-15T18:27:19 IST" duration-ms="1310" status="PASS">
          <reporter-output>
          </reporter-output>
        </test-method> <!-- radioButtonTest -->
        <test-method is-config="true" signature="afterMethod()[pri:0, instance:testNGpack.RadioButton1@618425b5]" started-at="2025-02-15T18:27:19 IST" name="afterMethod" finished-at="2025-02-15T18:27:20 IST" duration-ms="824" status="PASS">
          <reporter-output>
          </reporter-output>
        </test-method> <!-- afterMethod -->
      </class> <!-- testNGpack.RadioButton1 -->
    </test> <!-- ChromeTest -->
  </suite> <!-- ChromeSuite -->
</testng-results>
